<?xml version="1.0" encoding="UTF-8"?>
<!-- Generated by org.testng.reporters.JUnitReportReporter -->
<testsuite hostname="LENOVO-PC" name="gittest.Test1" tests="1" failures="0" timestamp="1 Oct 2017 06:25:40 GMT" time="38.318" errors="0">
  <testcase name="lunch" time="38.318" classname="gittest.Test1"/>
</testsuite> <!-- gittest.Test1 -->
