<?xml version="1.0" encoding="UTF-8"?>
<!-- Generated by org.testng.reporters.JUnitReportReporter -->
<testsuite hostname="LENOVO-PC" name="gittest.Test1" tests="1" failures="0" timestamp="4 Oct 2017 09:05:31 GMT" time="44.020" errors="0">
  <testcase name="lunch" time="44.020" classname="gittest.Test1"/>
</testsuite> <!-- gittest.Test1 -->
